<?xml version="1.0" encoding="UTF-8"?>
<testng-results ignored="0" total="1" passed="1" failed="0" skipped="0">
  <reporter-output>
  </reporter-output>
  <suite started-at="2023-01-21T02:13:52 IST" name="Default suite" finished-at="2023-01-21T02:13:52 IST" duration-ms="47">
    <groups>
    </groups>
    <test started-at="2023-01-21T02:13:52 IST" name="Default test" finished-at="2023-01-21T02:13:52 IST" duration-ms="47">
      <class name="demo.SampleDemo">
        <test-method signature="demo()[pri:0, instance:demo.SampleDemo@1649b0e6]" started-at="2023-01-21T02:13:52 IST" name="demo" finished-at="2023-01-21T02:13:52 IST" duration-ms="13" status="PASS">
          <reporter-output>
          </reporter-output>
        </test-method> <!-- demo -->
      </class> <!-- demo.SampleDemo -->
    </test> <!-- Default test -->
  </suite> <!-- Default suite -->
</testng-results>
